<?xml version="1.0" encoding="UTF-8"?>
<!-- Generated by org.testng.reporters.JUnitReportReporter -->
<testsuite hostname="DESKTOP-FIGT189" failures="1" tests="2" name="StepDefinitions.Runner" time="44.996" errors="0" timestamp="2021-10-10T18:36:25 TRT" skipped="0">
  <testcase classname="StepDefinitions.Runner" name="runScenario" time="24.745">
    <failure type="java.lang.AssertionError">
      <![CDATA[java.lang.AssertionError
at org.junit.Assert.fail(Assert.java:87)
at org.junit.Assert.assertTrue(Assert.java:42)
at org.junit.Assert.assertTrue(Assert.java:53)
at StepDefinitions.Scenario1Steps.the_cart_counter_is(Scenario1Steps.java:159)
at ✽.the cart counter is 1(classpath:StepDefinitions/Scenario1.feature:25)
]]>
    </failure>
  </testcase> <!-- runScenario -->
  <system-out/>
  <testcase classname="StepDefinitions.Runner" name="runScenario" time="20.251"/>
  <system-out/>
</testsuite> <!-- StepDefinitions.Runner -->
